Apr 23 02:27:27 2013 (14706) Master started
Apr 23 02:27:29 2013 (14712) DigestRunner runner started.
Apr 23 02:27:29 2013 (14717) RetryRunner runner started.
Apr 23 02:27:29 2013 (14719) BounceRunner runner started.
Apr 23 02:27:29 2013 (14718) RESTRunner runner started.
Apr 23 02:27:29 2013 (14718) Starting REST server
Apr 23 02:27:29 2013 (14714) ArchiveRunner runner started.
Apr 23 02:27:29 2013 (14721) CommandRunner runner started.
Apr 23 02:27:29 2013 (14713) PipelineRunner runner started.
Apr 23 02:27:29 2013 (14711) IncomingRunner runner started.
Apr 23 02:27:29 2013 (14722) NNTPRunner runner started.
Apr 23 02:27:29 2013 (14716) VirginRunner runner started.
Apr 23 02:27:29 2013 (14715) OutgoingRunner runner started.
Apr 23 02:29:48 2013 (14718) REST server shutdown
Apr 23 02:29:52 2013 (14715) OutgoingRunner runner caught SIGTERM.  Stopping.
Apr 23 02:29:52 2013 (14715) OutgoingRunner runner exiting.
Apr 23 02:29:59 2013 (14722) NNTPRunner runner caught SIGTERM.  Stopping.
Apr 23 02:29:59 2013 (14722) NNTPRunner runner exiting.
Apr 23 02:29:59 2013 (14721) CommandRunner runner caught SIGTERM.  Stopping.
Apr 23 02:29:59 2013 (14721) CommandRunner runner exiting.
Apr 23 02:34:58 2013 (14716) VirginRunner runner caught SIGTERM.  Stopping.
Apr 23 02:34:58 2013 (14713) PipelineRunner runner caught SIGTERM.  Stopping.
Apr 23 02:34:58 2013 (14711) IncomingRunner runner caught SIGTERM.  Stopping.
Apr 23 02:34:58 2013 (14716) VirginRunner runner exiting.
Apr 23 02:34:58 2013 (14711) IncomingRunner runner exiting.
Apr 23 02:34:58 2013 (14713) PipelineRunner runner exiting.
Apr 23 02:41:50 2013 (2651) timed out
Apr 23 02:42:26 2013 (2668) timed out
Apr 23 02:42:26 2013 (2668) Master started
Apr 23 02:42:28 2013 (2676) PipelineRunner runner started.
Apr 23 02:42:28 2013 (2680) RetryRunner runner started.
Apr 23 02:42:28 2013 (2684) CommandRunner runner started.
Apr 23 02:42:29 2013 (2677) ArchiveRunner runner started.
Apr 23 02:42:29 2013 (2674) IncomingRunner runner started.
Apr 23 02:42:29 2013 (2683) LMTPRunner runner started.
Apr 23 02:42:29 2013 (2682) BounceRunner runner started.
Apr 23 02:42:29 2013 (2681) RESTRunner runner started.
Apr 23 02:42:29 2013 (2681) Starting REST server
Apr 23 02:42:29 2013 (2679) VirginRunner runner started.
Apr 23 02:42:30 2013 (2678) OutgoingRunner runner started.
Apr 23 02:42:30 2013 (2675) DigestRunner runner started.
Apr 23 02:42:30 2013 (2685) NNTPRunner runner started.
Apr 23 02:43:07 2013 (2681) localhost.localdomain - - "GET /3.0/lists HTTP/1.1" 200 90
Apr 23 02:45:57 2013 (2681) localhost.localdomain - - "GET /3.0/domains HTTP/1.1" 200 90
Apr 23 02:49:33 2013 (2681) localhost.localdomain - - "GET /3.0/system HTTP/1.1" 200 272
Apr 23 02:50:30 2013 (2681) localhost.localdomain - - "GET /3.0/lists HTTP/1.1" 200 90
Apr 23 02:50:35 2013 (2681) localhost.localdomain - - "GET /3.0/domains HTTP/1.1" 200 90
Apr 23 02:50:58 2013 (2681) localhost.localdomain - - "POST /3.0/domains HTTP/1.1" 201 0
Apr 23 02:50:58 2013 (2681) localhost.localdomain - - "GET /3.0/domains HTTP/1.1" 200 368
Apr 23 02:50:58 2013 (2681) localhost.localdomain - - "GET /3.0/domains/aregee.com HTTP/1.1" 200 263
Apr 23 02:51:01 2013 (2681) localhost.localdomain - - "GET /3.0/users HTTP/1.1" 200 90
Apr 23 02:51:04 2013 (2681) localhost.localdomain - - "GET /3.0/lists HTTP/1.1" 200 90
Apr 23 02:51:05 2013 (2681) localhost.localdomain - - "GET /3.0/domains HTTP/1.1" 200 368
Apr 23 02:51:05 2013 (2681) localhost.localdomain - - "GET /3.0/domains/aregee.com HTTP/1.1" 200 263
Apr 23 02:51:18 2013 (2681) localhost.localdomain - - "GET /3.0/domains HTTP/1.1" 200 368
Apr 23 02:51:18 2013 (2681) localhost.localdomain - - "GET /3.0/domains/aregee.com HTTP/1.1" 200 263
Apr 23 02:51:18 2013 (2681) localhost.localdomain - - "GET /3.0/domains/aregee.com HTTP/1.1" 200 263
Apr 23 02:51:18 2013 (2681) localhost.localdomain - - "GET /3.0/domains/aregee.com HTTP/1.1" 200 263
Apr 23 02:51:18 2013 (2681) command failure: /usr/sbin/postmap /home/aregee/workspace/mailman/var/data/postfix_lmtp, 127, Key has expired
Apr 23 02:51:18 2013 (2681) command failure: /usr/sbin/postmap /home/aregee/workspace/mailman/var/data/postfix_domains, 127, Key has expired
Apr 23 02:51:19 2013 (2681) localhost.localdomain - - "POST /3.0/lists HTTP/1.1" 500 59
Apr 23 02:53:13 2013 (2681) localhost.localdomain - - "GET /3.0/domains HTTP/1.1" 200 368
Apr 23 02:53:13 2013 (2681) localhost.localdomain - - "GET /3.0/domains/aregee.com HTTP/1.1" 200 263
Apr 23 02:53:28 2013 (2681) localhost.localdomain - - "GET /3.0/domains HTTP/1.1" 200 368
Apr 23 02:53:28 2013 (2681) localhost.localdomain - - "GET /3.0/domains/aregee.com HTTP/1.1" 200 263
Apr 23 02:54:22 2013 (2681) localhost.localdomain - - "GET /3.0/domains HTTP/1.1" 200 368
Apr 23 02:55:18 2013 (2681) localhost.localdomain - - "GET /3.0/domains HTTP/1.1" 200 368
Apr 23 02:55:18 2013 (2681) localhost.localdomain - - "GET /3.0/domains/aregee.com HTTP/1.1" 200 263
Apr 23 02:55:41 2013 (2681) localhost.localdomain - - "GET /3.0/domains HTTP/1.1" 200 368
Apr 23 02:55:41 2013 (2681) localhost.localdomain - - "GET /3.0/domains/aregee.com HTTP/1.1" 200 263
Apr 23 02:56:04 2013 (2681) localhost.localdomain - - "GET /3.0/domains HTTP/1.1" 200 368
Apr 23 02:56:04 2013 (2681) localhost.localdomain - - "GET /3.0/domains/aregee.com HTTP/1.1" 200 263
Apr 23 02:56:23 2013 (2681) localhost.localdomain - - "GET /3.0/domains/aregee.com HTTP/1.1" 200 263
Apr 23 02:56:27 2013 (2681) localhost.localdomain - - "GET /3.0/domains/aregee.com HTTP/1.1" 200 263
Apr 23 02:58:15 2013 (2681) localhost.localdomain - - "POST /3.0/domains HTTP/1.1" 201 0
Apr 23 02:58:16 2013 (2681) localhost.localdomain - - "GET /3.0/domains HTTP/1.1" 200 648
Apr 23 02:58:16 2013 (2681) localhost.localdomain - - "GET /3.0/domains/aregee.com HTTP/1.1" 200 263
Apr 23 02:58:16 2013 (2681) localhost.localdomain - - "GET /3.0/domains/rahulgaur.info HTTP/1.1" 200 278
Apr 23 02:58:23 2013 (2681) localhost.localdomain - - "GET /3.0/domains HTTP/1.1" 200 648
Apr 23 02:58:23 2013 (2681) localhost.localdomain - - "GET /3.0/domains/aregee.com HTTP/1.1" 200 263
Apr 23 02:58:23 2013 (2681) localhost.localdomain - - "GET /3.0/domains/rahulgaur.info HTTP/1.1" 200 278
Apr 23 02:58:41 2013 (2681) localhost.localdomain - - "GET /3.0/domains/rahulgaur.info HTTP/1.1" 200 278
Apr 23 02:58:44 2013 (2681) localhost.localdomain - - "GET /3.0/domains/rahulgaur.info HTTP/1.1" 200 278
Apr 23 02:59:37 2013 (2681) command failure: /usr/sbin/postmap /home/aregee/workspace/mailman/var/data/postfix_lmtp, 127, Key has expired
Apr 23 02:59:37 2013 (2681) command failure: /usr/sbin/postmap /home/aregee/workspace/mailman/var/data/postfix_domains, 127, Key has expired
Apr 23 02:59:37 2013 (2681) localhost.localdomain - - "POST /3.0/lists HTTP/1.1" 500 59
Apr 23 03:06:28 2013 (2681) localhost.localdomain - - "GET /3.0/domains HTTP/1.1" 200 648
Apr 23 03:06:28 2013 (2681) localhost.localdomain - - "GET /3.0/domains/aregee.com HTTP/1.1" 200 263
Apr 23 03:06:28 2013 (2681) localhost.localdomain - - "GET /3.0/domains/rahulgaur.info HTTP/1.1" 200 278
Apr 23 03:06:36 2013 (2681) localhost.localdomain - - "GET /3.0/domains HTTP/1.1" 200 648
Apr 23 03:06:36 2013 (2681) localhost.localdomain - - "GET /3.0/domains/aregee.com HTTP/1.1" 200 263
Apr 23 03:06:36 2013 (2681) localhost.localdomain - - "GET /3.0/domains/rahulgaur.info HTTP/1.1" 200 278
Apr 23 03:06:38 2013 (2681) localhost.localdomain - - "GET /3.0/lists HTTP/1.1" 200 90
Apr 23 03:06:48 2013 (2681) localhost.localdomain - - "GET /3.0/users HTTP/1.1" 200 90
Apr 23 03:06:51 2013 (2681) localhost.localdomain - - "GET /3.0/lists HTTP/1.1" 200 90
Apr 23 03:07:06 2013 (2681) localhost.localdomain - - "GET /3.0/lists HTTP/1.1" 200 90
Apr 23 03:07:53 2013 (2681) localhost.localdomain - - "GET /3.0/domains HTTP/1.1" 200 648
Apr 23 03:07:53 2013 (2681) localhost.localdomain - - "GET /3.0/domains/aregee.com HTTP/1.1" 200 263
Apr 23 03:07:53 2013 (2681) localhost.localdomain - - "GET /3.0/domains/rahulgaur.info HTTP/1.1" 200 278
Apr 23 03:08:24 2013 (2681) localhost.localdomain - - "GET /3.0/domains HTTP/1.1" 200 648
Apr 23 03:08:24 2013 (2681) localhost.localdomain - - "GET /3.0/domains/aregee.com HTTP/1.1" 200 263
Apr 23 03:08:24 2013 (2681) localhost.localdomain - - "GET /3.0/domains/rahulgaur.info HTTP/1.1" 200 278
Apr 23 03:08:24 2013 (2681) localhost.localdomain - - "GET /3.0/domains/aregee.com HTTP/1.1" 200 263
Apr 23 03:08:24 2013 (2681) localhost.localdomain - - "GET /3.0/domains/aregee.com HTTP/1.1" 200 263
Apr 23 03:08:25 2013 (2681) command failure: /usr/sbin/postmap /home/aregee/workspace/mailman/var/data/postfix_lmtp, 127, Key has expired
Apr 23 03:08:25 2013 (2681) command failure: /usr/sbin/postmap /home/aregee/workspace/mailman/var/data/postfix_domains, 127, Key has expired
Apr 23 03:08:25 2013 (2681) localhost.localdomain - - "POST /3.0/lists HTTP/1.1" 500 59
Apr 23 03:09:15 2013 (2681) localhost.localdomain - - "GET /3.0/members HTTP/1.1" 200 90
Apr 23 03:09:38 2013 (2681) localhost.localdomain - - "GET /3.0/lists/test-two@example.com HTTP/1.1" 404 13
Apr 23 03:10:07 2013 (2681) localhost.localdomain - - "GET /3.0/users HTTP/1.1" 200 90
Apr 23 03:10:15 2013 (2681) localhost.localdomain - - "GET /3.0/users HTTP/1.1" 200 90
Apr 23 04:08:13 2013 (2681) localhost.localdomain - - "GET /3.0/lists HTTP/1.1" 200 90
Apr 23 04:15:52 2013 (2681) localhost.localdomain - - "POST /3.0/users HTTP/1.1" 201 0
Apr 23 04:15:52 2013 (2681) localhost.localdomain - - "GET /3.0/users/113665902900801924440745851778002130275 HTTP/1.1" 200 404
Apr 23 04:16:23 2013 (2681) localhost.localdomain - - "GET /3.0/users/test@gmail.com HTTP/1.1" 200 404
Apr 23 04:16:25 2013 (2681) localhost.localdomain - - "GET /3.0/users/113665902900801924440745851778002130275 HTTP/1.1" 200 404
Apr 23 04:18:36 2013 (2681) localhost.localdomain - - "GET /3.0/system HTTP/1.1" 200 272
Apr 23 04:18:47 2013 (2681) localhost.localdomain - - "GET /3.0/system HTTP/1.1" 200 272
Apr 23 04:19:20 2013 (2681) localhost.localdomain - - "GET /3.0/system HTTP/1.1" 200 272
Apr 23 04:19:23 2013 (2681) localhost.localdomain - - "GET /3.0/system HTTP/1.1" 200 272
Apr 23 04:19:51 2013 (2681) localhost.localdomain - - "GET /3.0/system HTTP/1.1" 200 272
Apr 23 04:45:47 2013 (2681) localhost.localdomain - - "GET /3.0/system HTTP/1.1" 200 272
Apr 23 04:45:58 2013 (2681) localhost.localdomain - - "GET /3.0/system HTTP/1.1" 200 272
Apr 23 04:53:02 2013 (2681) localhost.localdomain - - "GET /3.0/lists HTTP/1.1" 200 90
Apr 23 04:53:21 2013 (2681) localhost.localdomain - - "GET /3.0/domains HTTP/1.1" 200 648
Apr 23 04:53:21 2013 (2681) localhost.localdomain - - "GET /3.0/domains/aregee.com HTTP/1.1" 200 263
Apr 23 04:53:21 2013 (2681) localhost.localdomain - - "GET /3.0/domains/rahulgaur.info HTTP/1.1" 200 278
Apr 23 04:53:44 2013 (2681) localhost.localdomain - - "GET /3.0/domains HTTP/1.1" 200 648
Apr 23 04:53:44 2013 (2681) localhost.localdomain - - "GET /3.0/domains/aregee.com HTTP/1.1" 200 263
Apr 23 04:54:14 2013 (2681) localhost.localdomain - - "GET /3.0/domains HTTP/1.1" 200 648
Apr 23 04:54:14 2013 (2681) localhost.localdomain - - "GET /3.0/domains/aregee.com HTTP/1.1" 200 263
Apr 23 04:54:41 2013 (2681) localhost.localdomain - - "GET /3.0/domains HTTP/1.1" 200 648
Apr 23 04:54:41 2013 (2681) localhost.localdomain - - "GET /3.0/domains/aregee.com HTTP/1.1" 200 263
Apr 23 04:54:41 2013 (2681) localhost.localdomain - - "GET /3.0/domains/rahulgaur.info HTTP/1.1" 200 278
Apr 23 04:54:50 2013 (2681) localhost.localdomain - - "GET /3.0/domains HTTP/1.1" 200 648
Apr 23 04:54:50 2013 (2681) localhost.localdomain - - "GET /3.0/domains/aregee.com HTTP/1.1" 200 263
Apr 23 04:54:53 2013 (2681) localhost.localdomain - - "GET /3.0/domains HTTP/1.1" 200 648
Apr 23 04:54:53 2013 (2681) localhost.localdomain - - "GET /3.0/domains/rahulgaur.info HTTP/1.1" 200 278
Apr 23 05:03:31 2013 (2681) localhost.localdomain - - "GET /3.0/system HTTP/1.1" 200 272
Apr 23 05:23:54 2013 (2681) localhost.localdomain - - "GET /3.0/lists HTTP/1.1" 200 90
Apr 23 05:24:24 2013 (2681) localhost.localdomain - - "GET /3.0/domains HTTP/1.1" 200 648
Apr 23 05:24:24 2013 (2681) localhost.localdomain - - "GET /3.0/domains/aregee.com HTTP/1.1" 200 263
Apr 23 05:24:24 2013 (2681) localhost.localdomain - - "GET /3.0/domains/rahulgaur.info HTTP/1.1" 200 278
Apr 23 05:24:26 2013 (2681) localhost.localdomain - - "GET /3.0/domains HTTP/1.1" 200 648
Apr 23 05:24:26 2013 (2681) localhost.localdomain - - "GET /3.0/domains/aregee.com HTTP/1.1" 200 263
Apr 23 05:24:26 2013 (2681) localhost.localdomain - - "GET /3.0/domains/rahulgaur.info HTTP/1.1" 200 278
Apr 23 05:24:34 2013 (2681) localhost.localdomain - - "GET /3.0/lists HTTP/1.1" 200 90
Apr 23 05:24:37 2013 (2681) localhost.localdomain - - "GET /3.0/users/are@gee.com HTTP/1.1" 404 13
Apr 23 05:32:06 2013 (2681) localhost.localdomain - - "GET /3.0/system HTTP/1.1" 200 272
Apr 23 05:32:12 2013 (2681) localhost.localdomain - - "GET /3.0/system HTTP/1.1" 200 272
Apr 23 05:53:35 2013 (2681) localhost.localdomain - - "GET /3.0/system HTTP/1.1" 200 272
Apr 23 05:54:18 2013 (2681) localhost.localdomain - - "GET /3.0/system HTTP/1.1" 200 272
Apr 23 05:59:39 2013 (2681) localhost.localdomain - - "GET /3.0/system HTTP/1.1" 200 272
Apr 23 06:01:25 2013 (2681) localhost.localdomain - - "GET /3.0/system HTTP/1.1" 200 272
Apr 23 06:02:54 2013 (2681) localhost.localdomain - - "GET /3.0/system HTTP/1.1" 200 272
Apr 23 06:03:02 2013 (2681) localhost.localdomain - - "GET /3.0/system HTTP/1.1" 200 272
Apr 23 06:03:15 2013 (2681) localhost.localdomain - - "GET /3.0/system HTTP/1.1" 200 272
Apr 23 06:03:54 2013 (2681) localhost.localdomain - - "GET /3.0/system HTTP/1.1" 200 272
Apr 23 06:04:48 2013 (2681) localhost.localdomain - - "GET /3.0/system HTTP/1.1" 200 272
Apr 23 06:05:43 2013 (2681) localhost.localdomain - - "GET /3.0/domains HTTP/1.1" 200 648
Apr 23 06:05:43 2013 (2681) localhost.localdomain - - "GET /3.0/system HTTP/1.1" 200 272
Apr 23 06:06:20 2013 (2681) localhost.localdomain - - "GET /3.0/domains HTTP/1.1" 200 648
Apr 23 06:06:20 2013 (2681) localhost.localdomain - - "GET /3.0/system HTTP/1.1" 200 272
Apr 23 06:06:28 2013 (2681) localhost.localdomain - - "GET /3.0/domains HTTP/1.1" 200 648
Apr 23 06:06:28 2013 (2681) localhost.localdomain - - "GET /3.0/system HTTP/1.1" 200 272
Apr 23 06:06:42 2013 (2681) localhost.localdomain - - "GET /3.0/domains HTTP/1.1" 200 648
Apr 23 06:06:42 2013 (2681) localhost.localdomain - - "GET /3.0/system HTTP/1.1" 200 272
Apr 23 06:06:59 2013 (2681) localhost.localdomain - - "GET /3.0/domains HTTP/1.1" 200 648
Apr 23 06:06:59 2013 (2681) localhost.localdomain - - "GET /3.0/system HTTP/1.1" 200 272
Apr 23 06:06:59 2013 (2681) localhost.localdomain - - "GET /3.0/domains/aregee.com HTTP/1.1" 200 263
Apr 23 06:06:59 2013 (2681) localhost.localdomain - - "GET /3.0/domains/rahulgaur.info HTTP/1.1" 200 278
Apr 23 06:07:41 2013 (2681) localhost.localdomain - - "GET /3.0/domains HTTP/1.1" 200 648
Apr 23 06:07:41 2013 (2681) localhost.localdomain - - "GET /3.0/system HTTP/1.1" 200 272
Apr 23 06:07:50 2013 (2681) localhost.localdomain - - "GET /3.0/domains HTTP/1.1" 200 648
Apr 23 06:07:50 2013 (2681) localhost.localdomain - - "GET /3.0/system HTTP/1.1" 200 272
Apr 23 06:07:50 2013 (2681) localhost.localdomain - - "GET /3.0/domains/aregee.com HTTP/1.1" 200 263
Apr 23 06:07:50 2013 (2681) localhost.localdomain - - "GET /3.0/domains/rahulgaur.info HTTP/1.1" 200 278
Apr 23 06:12:01 2013 (2681) localhost.localdomain - - "GET /3.0/domains HTTP/1.1" 200 648
Apr 23 06:12:01 2013 (2681) localhost.localdomain - - "GET /3.0/system HTTP/1.1" 200 272
Apr 23 06:12:01 2013 (2681) localhost.localdomain - - "GET /3.0/domains/aregee.com HTTP/1.1" 200 263
Apr 23 06:12:01 2013 (2681) localhost.localdomain - - "GET /3.0/domains/rahulgaur.info HTTP/1.1" 200 278
Apr 23 06:16:08 2013 (2681) localhost.localdomain - - "GET /3.0/domains HTTP/1.1" 200 648
Apr 23 06:16:09 2013 (2681) localhost.localdomain - - "GET /3.0/system HTTP/1.1" 200 272
Apr 23 06:16:09 2013 (2681) localhost.localdomain - - "GET /3.0/domains/aregee.com HTTP/1.1" 200 263
Apr 23 06:16:09 2013 (2681) localhost.localdomain - - "GET /3.0/domains/rahulgaur.info HTTP/1.1" 200 278
Apr 23 06:16:09 2013 (2681) localhost.localdomain - - "GET /3.0/domains HTTP/1.1" 200 648
Apr 23 06:16:09 2013 (2681) localhost.localdomain - - "GET /3.0/domains/aregee.com HTTP/1.1" 200 263
Apr 23 06:16:09 2013 (2681) localhost.localdomain - - "GET /3.0/domains/rahulgaur.info HTTP/1.1" 200 278
Apr 23 06:16:24 2013 (2681) localhost.localdomain - - "GET /3.0/domains HTTP/1.1" 200 648
Apr 23 06:16:24 2013 (2681) localhost.localdomain - - "GET /3.0/system HTTP/1.1" 200 272
Apr 23 06:16:24 2013 (2681) localhost.localdomain - - "GET /3.0/domains HTTP/1.1" 200 648
Apr 23 06:16:24 2013 (2681) localhost.localdomain - - "GET /3.0/domains/aregee.com HTTP/1.1" 200 263
Apr 23 06:16:24 2013 (2681) localhost.localdomain - - "GET /3.0/domains/rahulgaur.info HTTP/1.1" 200 278
Apr 23 06:17:10 2013 (2681) localhost.localdomain - - "GET /3.0/domains HTTP/1.1" 200 648
Apr 23 06:17:10 2013 (2681) localhost.localdomain - - "GET /3.0/system HTTP/1.1" 200 272
Apr 23 06:17:10 2013 (2681) localhost.localdomain - - "GET /3.0/users HTTP/1.1" 200 509
Apr 23 06:17:10 2013 (2681) localhost.localdomain - - "GET /3.0/users/113665902900801924440745851778002130275 HTTP/1.1" 200 404
Apr 23 06:18:02 2013 (2681) localhost.localdomain - - "GET /3.0/domains HTTP/1.1" 200 648
Apr 23 06:18:02 2013 (2681) localhost.localdomain - - "GET /3.0/system HTTP/1.1" 200 272
Apr 23 06:18:02 2013 (2681) localhost.localdomain - - "GET /3.0/users HTTP/1.1" 200 509
Apr 23 06:20:50 2013 (2681) localhost.localdomain - - "GET /3.0/domains HTTP/1.1" 200 648
Apr 23 06:20:50 2013 (2681) localhost.localdomain - - "GET /3.0/system HTTP/1.1" 200 272
Apr 23 06:20:50 2013 (2681) localhost.localdomain - - "GET /3.0/users HTTP/1.1" 200 509
Apr 23 06:20:50 2013 (2681) localhost.localdomain - - "GET /3.0/users/113665902900801924440745851778002130275 HTTP/1.1" 200 404
Apr 23 06:21:52 2013 (2681) localhost.localdomain - - "GET /3.0/domains HTTP/1.1" 200 648
Apr 23 06:21:52 2013 (2681) localhost.localdomain - - "GET /3.0/system HTTP/1.1" 200 272
Apr 23 06:22:03 2013 (2681) localhost.localdomain - - "GET /3.0/domains HTTP/1.1" 200 648
Apr 23 06:22:04 2013 (2681) localhost.localdomain - - "GET /3.0/system HTTP/1.1" 200 272
Apr 23 06:23:41 2013 (2681) localhost.localdomain - - "GET /3.0/lists HTTP/1.1" 200 90
Apr 23 06:23:46 2013 (2681) localhost.localdomain - - "GET /3.0/domains HTTP/1.1" 200 648
Apr 23 06:23:46 2013 (2681) localhost.localdomain - - "GET /3.0/domains/aregee.com HTTP/1.1" 200 263
Apr 23 06:23:46 2013 (2681) localhost.localdomain - - "GET /3.0/domains/rahulgaur.info HTTP/1.1" 200 278
Apr 23 06:23:56 2013 (2681) localhost.localdomain - - "GET /3.0/domains HTTP/1.1" 200 648
Apr 23 06:23:56 2013 (2681) localhost.localdomain - - "GET /3.0/system HTTP/1.1" 200 272
Apr 23 06:24:21 2013 (2681) localhost.localdomain - - "GET /3.0/domains HTTP/1.1" 200 648
Apr 23 06:24:21 2013 (2681) localhost.localdomain - - "GET /3.0/system HTTP/1.1" 200 272
Apr 23 06:24:56 2013 (2681) localhost.localdomain - - "GET /3.0/domains HTTP/1.1" 200 648
Apr 23 06:24:56 2013 (2681) localhost.localdomain - - "GET /3.0/system HTTP/1.1" 200 272
Apr 23 06:24:56 2013 (2681) localhost.localdomain - - "GET /3.0/domains HTTP/1.1" 200 648
Apr 23 06:24:56 2013 (2681) localhost.localdomain - - "GET /3.0/domains/aregee.com HTTP/1.1" 200 263
Apr 23 06:24:56 2013 (2681) localhost.localdomain - - "GET /3.0/domains/rahulgaur.info HTTP/1.1" 200 278
Apr 23 06:26:26 2013 (2681) localhost.localdomain - - "GET /3.0/domains HTTP/1.1" 200 648
Apr 23 06:26:26 2013 (2681) localhost.localdomain - - "GET /3.0/system HTTP/1.1" 200 272
Apr 23 06:26:53 2013 (2681) localhost.localdomain - - "GET /3.0/domains HTTP/1.1" 200 648
Apr 23 06:26:53 2013 (2681) localhost.localdomain - - "GET /3.0/system HTTP/1.1" 200 272
Apr 23 06:26:53 2013 (2681) localhost.localdomain - - "GET /3.0/domains HTTP/1.1" 200 648
Apr 23 06:26:53 2013 (2681) localhost.localdomain - - "GET /3.0/domains/aregee.com HTTP/1.1" 200 263
Apr 23 06:26:53 2013 (2681) localhost.localdomain - - "GET /3.0/domains/rahulgaur.info HTTP/1.1" 200 278
Apr 23 06:27:53 2013 (2681) localhost.localdomain - - "GET /3.0/domains HTTP/1.1" 200 648
Apr 23 06:27:53 2013 (2681) localhost.localdomain - - "GET /3.0/system HTTP/1.1" 200 272
Apr 23 06:27:53 2013 (2681) localhost.localdomain - - "GET /3.0/domains HTTP/1.1" 200 648
Apr 23 06:27:53 2013 (2681) localhost.localdomain - - "GET /3.0/domains/aregee.com HTTP/1.1" 200 263
Apr 23 06:27:53 2013 (2681) localhost.localdomain - - "GET /3.0/domains/rahulgaur.info HTTP/1.1" 200 278
Apr 23 06:31:17 2013 (2681) localhost.localdomain - - "GET /3.0/domains HTTP/1.1" 200 648
Apr 23 06:31:17 2013 (2681) localhost.localdomain - - "GET /3.0/system HTTP/1.1" 200 272
Apr 23 06:31:17 2013 (2681) localhost.localdomain - - "GET /3.0/domains HTTP/1.1" 200 648
Apr 23 06:31:17 2013 (2681) localhost.localdomain - - "GET /3.0/domains/aregee.com HTTP/1.1" 200 263
Apr 23 06:31:17 2013 (2681) localhost.localdomain - - "GET /3.0/domains/rahulgaur.info HTTP/1.1" 200 278
Apr 23 06:31:17 2013 (2681) localhost.localdomain - - "GET /3.0/domains/aregee.com HTTP/1.1" 200 263
Apr 23 06:31:36 2013 (2681) localhost.localdomain - - "GET /3.0/domains HTTP/1.1" 200 648
Apr 23 06:31:36 2013 (2681) localhost.localdomain - - "GET /3.0/system HTTP/1.1" 200 272
Apr 23 06:31:36 2013 (2681) localhost.localdomain - - "GET /3.0/domains HTTP/1.1" 200 648
Apr 23 06:31:36 2013 (2681) localhost.localdomain - - "GET /3.0/domains/aregee.com HTTP/1.1" 200 263
Apr 23 06:31:36 2013 (2681) localhost.localdomain - - "GET /3.0/domains/rahulgaur.info HTTP/1.1" 200 278
Apr 23 06:31:36 2013 (2681) localhost.localdomain - - "GET /3.0/domains/rahulgaur.info HTTP/1.1" 200 278
Apr 23 06:32:02 2013 (2681) localhost.localdomain - - "GET /3.0/domains HTTP/1.1" 200 648
Apr 23 06:32:02 2013 (2681) localhost.localdomain - - "GET /3.0/system HTTP/1.1" 200 272
Apr 23 06:32:02 2013 (2681) localhost.localdomain - - "GET /3.0/domains HTTP/1.1" 200 648
Apr 23 06:32:02 2013 (2681) localhost.localdomain - - "GET /3.0/domains/aregee.com HTTP/1.1" 200 263
Apr 23 06:32:02 2013 (2681) localhost.localdomain - - "GET /3.0/domains/rahulgaur.info HTTP/1.1" 200 278
Apr 23 06:32:02 2013 (2681) localhost.localdomain - - "GET /3.0/domains/aregee.com HTTP/1.1" 200 263
Apr 23 07:28:53 2013 (2681) localhost.localdomain - - "GET /3.0/system HTTP/1.1" 200 272
Apr 23 07:30:40 2013 (2681) localhost.localdomain - - "GET /3.0/lists HTTP/1.1" 200 90
Apr 23 07:30:45 2013 (2681) localhost.localdomain - - "GET /3.0/domains HTTP/1.1" 200 648
Apr 23 07:30:45 2013 (2681) localhost.localdomain - - "GET /3.0/domains/aregee.com HTTP/1.1" 200 263
Apr 23 07:30:45 2013 (2681) localhost.localdomain - - "GET /3.0/domains/rahulgaur.info HTTP/1.1" 200 278
Apr 23 07:31:15 2013 (2681) localhost.localdomain - - "GET /3.0/domains/aregee.com HTTP/1.1" 200 263
Apr 23 07:31:44 2013 (2681) localhost.localdomain - - "GET /3.0/domains/aregee.com HTTP/1.1" 200 263
Apr 23 07:42:56 2013 (2681) localhost.localdomain - - "GET /3.0/domains HTTP/1.1" 200 648
Apr 23 07:42:56 2013 (2681) localhost.localdomain - - "GET /3.0/system HTTP/1.1" 200 272
Apr 23 07:42:56 2013 (2681) localhost.localdomain - - "GET /3.0/domains HTTP/1.1" 200 648
Apr 23 07:42:56 2013 (2681) localhost.localdomain - - "GET /3.0/domains/aregee.com HTTP/1.1" 200 263
Apr 23 07:42:56 2013 (2681) localhost.localdomain - - "GET /3.0/domains/rahulgaur.info HTTP/1.1" 200 278
Apr 23 07:42:56 2013 (2681) localhost.localdomain - - "GET /3.0/domains/aregee.com HTTP/1.1" 200 263
Apr 23 07:51:50 2013 (2681) localhost.localdomain - - "GET /3.0/system HTTP/1.1" 200 272
Apr 23 07:51:50 2013 (2681) localhost.localdomain - - "GET /3.0/domains HTTP/1.1" 200 648
Apr 23 07:51:50 2013 (2681) localhost.localdomain - - "GET /3.0/domains/aregee.com HTTP/1.1" 200 263
Apr 23 07:51:50 2013 (2681) localhost.localdomain - - "GET /3.0/domains/rahulgaur.info HTTP/1.1" 200 278
Apr 23 07:52:20 2013 (2681) localhost.localdomain - - "GET /3.0/system HTTP/1.1" 200 272
Apr 23 07:52:20 2013 (2681) localhost.localdomain - - "GET /3.0/domains HTTP/1.1" 200 648
Apr 23 07:52:20 2013 (2681) localhost.localdomain - - "GET /3.0/domains/aregee.com HTTP/1.1" 200 263
Apr 23 07:52:20 2013 (2681) localhost.localdomain - - "GET /3.0/domains/rahulgaur.info HTTP/1.1" 200 278
Apr 23 07:52:20 2013 (2681) localhost.localdomain - - "GET /3.0/domains/aregee.com HTTP/1.1" 200 263
Apr 23 09:15:30 2013 (2681) localhost.localdomain - - "GET /3.0/lists HTTP/1.1" 200 90
Apr 23 09:15:41 2013 (2681) localhost.localdomain - - "GET /3.0/lists HTTP/1.1" 200 90
Apr 23 09:15:43 2013 (2681) localhost.localdomain - - "GET /3.0/domains HTTP/1.1" 200 648
Apr 23 09:15:43 2013 (2681) localhost.localdomain - - "GET /3.0/domains/aregee.com HTTP/1.1" 200 263
Apr 23 09:15:43 2013 (2681) localhost.localdomain - - "GET /3.0/domains/rahulgaur.info HTTP/1.1" 200 278
Apr 23 09:15:45 2013 (2681) localhost.localdomain - - "GET /3.0/lists HTTP/1.1" 200 90
Apr 23 09:16:16 2013 (2675) DigestRunner runner caught SIGTERM.  Stopping.
Apr 23 09:16:16 2013 (2668) Master watcher caught SIGTERM.  Exiting.
Apr 23 09:16:16 2013 (2675) DigestRunner runner caught SIGTERM.  Stopping.
Apr 23 09:16:16 2013 (2680) RetryRunner runner caught SIGTERM.  Stopping.
Apr 23 09:16:16 2013 (2675) DigestRunner runner exiting.
Apr 23 09:16:16 2013 (2680) RetryRunner runner exiting.
Apr 23 09:16:16 2013 (2683) LMTPRunner runner caught SIGTERM.  Stopping.
Apr 23 09:16:16 2013 (2683) LMTPRunner runner exiting.
Apr 23 09:16:16 2013 (2682) BounceRunner runner caught SIGTERM.  Stopping.
Apr 23 09:16:16 2013 (2682) BounceRunner runner exiting.
Apr 23 09:16:16 2013 (2679) VirginRunner runner caught SIGTERM.  Stopping.
Apr 23 09:16:16 2013 (2679) VirginRunner runner exiting.
Apr 23 09:16:16 2013 (2685) NNTPRunner runner caught SIGTERM.  Stopping.
Apr 23 09:16:16 2013 (2685) NNTPRunner runner exiting.
Apr 23 09:16:16 2013 (2678) OutgoingRunner runner caught SIGTERM.  Stopping.
Apr 23 09:16:16 2013 (2678) OutgoingRunner runner exiting.
Apr 23 09:16:16 2013 (2677) ArchiveRunner runner caught SIGTERM.  Stopping.
Apr 23 09:16:16 2013 (2677) ArchiveRunner runner exiting.
Apr 23 09:16:16 2013 (2681) REST server shutdown
Apr 23 09:16:16 2013 (2684) CommandRunner runner caught SIGTERM.  Stopping.
Apr 23 09:16:16 2013 (2684) CommandRunner runner exiting.
Apr 23 09:16:16 2013 (2674) IncomingRunner runner caught SIGTERM.  Stopping.
Apr 23 09:16:16 2013 (2674) IncomingRunner runner exiting.
Apr 23 09:16:16 2013 (2676) PipelineRunner runner caught SIGTERM.  Stopping.
Apr 23 09:16:16 2013 (2676) PipelineRunner runner exiting.
Apr 23 09:16:17 2013 (2668) Master stopped
Apr 23 16:15:53 2013 (3964) Master started
Apr 23 16:15:56 2013 (3977) BounceRunner runner started.
Apr 23 16:15:56 2013 (3974) VirginRunner runner started.
Apr 23 16:15:56 2013 (3980) NNTPRunner runner started.
Apr 23 16:15:56 2013 (3971) PipelineRunner runner started.
Apr 23 16:15:57 2013 (3972) ArchiveRunner runner started.
Apr 23 16:15:57 2013 (3973) OutgoingRunner runner started.
Apr 23 16:15:57 2013 (3970) DigestRunner runner started.
Apr 23 16:15:57 2013 (3978) LMTPRunner runner started.
Apr 23 16:15:57 2013 (3975) RetryRunner runner started.
Apr 23 16:15:57 2013 (3979) CommandRunner runner started.
Apr 23 16:15:57 2013 (3969) IncomingRunner runner started.
Apr 23 16:15:57 2013 (3976) RESTRunner runner started.
Apr 23 16:15:57 2013 (3976) Starting REST server
Apr 23 16:34:06 2013 (3976) localhost.localdomain - - "GET /3.0/lists HTTP/1.1" 200 90
Apr 23 16:42:50 2013 (3976) localhost.localdomain - - "GET /3.0/lists HTTP/1.1" 200 90
