Apr 29 17:34:18 2013 (6194) Master started
Apr 29 17:34:20 2013 (6208) LMTPRunner runner started.
Apr 29 17:34:20 2013 (6204) VirginRunner runner started.
Apr 29 17:34:21 2013 (6202) ArchiveRunner runner started.
Apr 29 17:34:21 2013 (6199) IncomingRunner runner started.
Apr 29 17:34:21 2013 (6201) PipelineRunner runner started.
Apr 29 17:34:21 2013 (6209) CommandRunner runner started.
Apr 29 17:34:21 2013 (6210) NNTPRunner runner started.
Apr 29 17:34:21 2013 (6207) BounceRunner runner started.
Apr 29 17:34:21 2013 (6203) OutgoingRunner runner started.
Apr 29 17:34:21 2013 (6206) RESTRunner runner started.
Apr 29 17:34:21 2013 (6206) Starting REST server
Apr 29 17:34:21 2013 (6206) localhost.localdomain - - "GET /3.0/lists HTTP/1.1" 200 90
Apr 29 17:34:22 2013 (6200) DigestRunner runner started.
Apr 29 17:34:22 2013 (6205) RetryRunner runner started.
Apr 29 17:35:34 2013 (6206) localhost.localdomain - - "GET /3.0/lists HTTP/1.1" 200 90
Apr 29 17:37:19 2013 (6206) localhost.localdomain - - "GET /3.0/lists HTTP/1.1" 200 90
Apr 29 17:37:46 2013 (6206) localhost.localdomain - - "GET /3.0/lists HTTP/1.1" 200 90
Apr 29 17:37:49 2013 (6206) localhost.localdomain - - "GET /3.0/lists/rest HTTP/1.1" 404 13
Apr 29 17:37:52 2013 (6206) localhost.localdomain - - "GET /3.0/lists/restp HTTP/1.1" 404 13
Apr 29 17:41:47 2013 (6206) localhost.localdomain - - "GET /3.0/lists HTTP/1.1" 200 90
Apr 29 17:41:59 2013 (6206) localhost.localdomain - - "GET /3.0/domains HTTP/1.1" 200 90
Apr 29 17:42:01 2013 (6206) localhost.localdomain - - "GET /3.0/lists HTTP/1.1" 200 90
Apr 29 17:42:02 2013 (6206) localhost.localdomain - - "GET /3.0/lists HTTP/1.1" 200 90
Apr 29 18:04:47 2013 (6206) localhost.localdomain - - "GET /3.0/system HTTP/1.1" 200 272
Apr 29 18:05:15 2013 (6206) localhost.localdomain - - "GET /3.0/system HTTP/1.1" 200 272
Apr 29 18:06:13 2013 (6206) localhost.localdomain - - "GET /3.0/system HTTP/1.1" 200 272
Apr 29 18:06:24 2013 (6206) localhost.localdomain - - "GET /3.0/system HTTP/1.1" 200 272
Apr 29 18:06:39 2013 (6206) localhost.localdomain - - "GET /3.0/system HTTP/1.1" 200 272
Apr 29 18:08:25 2013 (6206) localhost.localdomain - - "GET /3.0/system HTTP/1.1" 200 272
Apr 29 18:08:35 2013 (6206) localhost.localdomain - - "GET /3.0/system HTTP/1.1" 200 272
Apr 29 18:08:52 2013 (6206) localhost.localdomain - - "GET /3.0/system HTTP/1.1" 200 272
Apr 29 18:13:18 2013 (6206) localhost.localdomain - - "GET / HTTP/1.1" 405 22
Apr 29 18:13:18 2013 (6206) localhost.localdomain - - "GET /favicon.ico HTTP/1.1" 404 13
Apr 29 18:13:34 2013 (6206) localhost.localdomain - - "GET / HTTP/1.1" 405 22
Apr 29 18:13:49 2013 (6206) localhost.localdomain - - "GET /postorius/ HTTP/1.1" 404 13
Apr 29 18:13:54 2013 (6206) localhost.localdomain - - "GET / HTTP/1.1" 405 22
Apr 29 18:14:38 2013 (6206) localhost.localdomain - - "GET /3.0/ HTTP/1.1" 401 55
Apr 29 18:14:50 2013 (6206) localhost.localdomain - - "GET /3.0/restadmin/restpass HTTP/1.1" 401 55
Apr 29 18:14:55 2013 (6206) localhost.localdomain - - "GET /3.0/ HTTP/1.1" 401 55
Apr 29 18:39:42 2013 (6206) localhost.localdomain - - "GET /3.0/system HTTP/1.1" 200 272
Apr 29 19:39:01 2013 (6206) localhost.localdomain - - "GET /3.0/system HTTP/1.1" 200 272
Apr 29 19:39:11 2013 (6206) localhost.localdomain - - "GET /3.0/system HTTP/1.1" 200 272
Apr 29 19:39:18 2013 (6206) localhost.localdomain - - "GET /3.0/system HTTP/1.1" 200 272
Apr 29 19:39:22 2013 (6206) localhost.localdomain - - "GET /3.0/system HTTP/1.1" 200 272
Apr 29 19:39:27 2013 (6206) localhost.localdomain - - "GET /3.0/system HTTP/1.1" 200 272
Apr 29 19:39:30 2013 (6206) localhost.localdomain - - "GET /3.0/system HTTP/1.1" 200 272
Apr 29 20:58:08 2013 (6206) localhost.localdomain - - "GET /3.0/system HTTP/1.1" 200 272
Apr 30 01:26:34 2013 (6206) localhost.localdomain - - "GET /3.0/system HTTP/1.1" 200 272
Apr 30 03:28:55 2013 (6206) localhost.localdomain - - "GET /3.0/system HTTP/1.1" 401 55
Apr 30 03:28:56 2013 (6206) localhost.localdomain - - "GET /favicon.ico HTTP/1.1" 404 13
Apr 30 03:32:17 2013 (6206) localhost.localdomain - - "GET /3.0/system HTTP/1.1" 200 272
Apr 30 03:32:38 2013 (6206) localhost.localdomain - - "GET /3.0/system HTTP/1.1" 401 55
Apr 30 03:32:38 2013 (6206) localhost.localdomain - - "GET /favicon.ico HTTP/1.1" 404 13
Apr 30 03:52:42 2013 (6206) localhost.localdomain - - "GET /3.0/domains HTTP/1.1" 200 90
Apr 30 03:53:01 2013 (6206) localhost.localdomain - - "GET /3.0/domains HTTP/1.1" 200 90
Apr 30 03:53:15 2013 (6206) localhost.localdomain - - "GET /3.0/domains HTTP/1.1" 200 90
Apr 30 03:53:20 2013 (6206) localhost.localdomain - - "GET /3.0/domains HTTP/1.1" 200 90
Apr 30 03:54:33 2013 (6206) localhost.localdomain - - "GET /3.0/domains HTTP/1.1" 200 90
Apr 30 03:57:04 2013 (6206) localhost.localdomain - - "GET /3.0/lists HTTP/1.1" 200 90
Apr 30 03:57:17 2013 (6206) localhost.localdomain - - "GET /3.0/lists HTTP/1.1" 200 90
Apr 30 04:12:18 2013 (6206) localhost.localdomain - - "GET /system HTTP/1.1" 404 13
Apr 30 04:12:42 2013 (6206) localhost.localdomain - - "GET / HTTP/1.1" 405 22
Apr 30 04:30:51 2013 (6206) localhost.localdomain - - "GET / HTTP/1.1" 405 22
Apr 30 04:31:14 2013 (6206) localhost.localdomain - - "GET / HTTP/1.1" 405 22
Apr 30 04:31:26 2013 (6206) localhost.localdomain - - "GET / HTTP/1.1" 405 22
Apr 30 04:31:26 2013 (6206) localhost.localdomain - - "GET /favicon.ico HTTP/1.1" 404 13
Apr 30 04:31:33 2013 (6206) localhost.localdomain - - "GET /3.0/system HTTP/1.1" 401 55
Apr 30 04:31:33 2013 (6206) localhost.localdomain - - "GET /favicon.ico HTTP/1.1" 404 13
Apr 30 05:58:58 2013 (6206) localhost.localdomain - - "GET /system/ HTTP/1.1" 404 13
Apr 30 05:59:10 2013 (6206) localhost.localdomain - - "GET / HTTP/1.1" 405 22
Apr 30 05:59:25 2013 (6206) localhost.localdomain - - "GET /system/ HTTP/1.1" 404 13
Apr 30 05:59:36 2013 (6206) localhost.localdomain - - "GET /client/domains/ HTTP/1.1" 404 13
Apr 30 05:59:47 2013 (6206) localhost.localdomain - - "GET / HTTP/1.1" 405 22
Apr 30 06:11:42 2013 (6206) localhost.localdomain - - "GET /3.0/lists HTTP/1.1" 200 90
Apr 30 06:11:49 2013 (6206) localhost.localdomain - - "GET /3.0/lists HTTP/1.1" 200 90
Apr 30 06:31:25 2013 (6206) localhost.localdomain - - "GET /3.0/lists HTTP/1.1" 200 90
Apr 30 06:33:40 2013 (6206) localhost.localdomain - - "GET /3.0/lists HTTP/1.1" 200 90
Apr 30 06:33:50 2013 (6206) localhost.localdomain - - "GET /3.0/lists HTTP/1.1" 200 90
Apr 30 06:34:17 2013 (6206) localhost.localdomain - - "GET /3.0/users HTTP/1.1" 200 90
Apr 30 06:40:49 2013 (6206) localhost.localdomain - - "GET /3.0/lists HTTP/1.1" 200 90
Apr 30 06:46:01 2013 (6206) localhost.localdomain - - "GET /3.0/lists HTTP/1.1" 200 90
Apr 30 06:56:38 2013 (6206) localhost.localdomain - - "GET /3.0/lists HTTP/1.1" 200 90
Apr 30 06:56:42 2013 (6206) localhost.localdomain - - "GET /3.0/lists HTTP/1.1" 200 90
Apr 30 07:02:00 2013 (6206) localhost.localdomain - - "GET /3.0/lists HTTP/1.1" 200 90
Apr 30 07:03:31 2013 (6206) localhost.localdomain - - "GET /3.0/lists HTTP/1.1" 200 90
Apr 30 07:03:33 2013 (6206) localhost.localdomain - - "GET /3.0/lists HTTP/1.1" 200 90
Apr 30 07:03:37 2013 (6206) localhost.localdomain - - "GET /3.0/lists HTTP/1.1" 200 90
Apr 30 07:03:41 2013 (6206) localhost.localdomain - - "GET /3.0/lists HTTP/1.1" 200 90
Apr 30 07:03:54 2013 (6206) localhost.localdomain - - "GET /3.0/lists HTTP/1.1" 200 90
Apr 30 07:05:56 2013 (6206) localhost.localdomain - - "GET /3.0/lists HTTP/1.1" 200 90
Apr 30 07:06:03 2013 (6206) localhost.localdomain - - "GET /3.0/system HTTP/1.1" 200 272
Apr 30 07:07:33 2013 (6206) localhost.localdomain - - "GET /3.0/system HTTP/1.1" 200 272
Apr 30 07:08:06 2013 (6206) localhost.localdomain - - "GET /3.0/system HTTP/1.1" 200 272
Apr 30 07:36:26 2013 (6206) localhost.localdomain - - "GET /3.0/lists HTTP/1.1" 200 90
Apr 30 07:36:30 2013 (6206) localhost.localdomain - - "GET /3.0/lists HTTP/1.1" 200 90
Apr 30 07:39:02 2013 (6206) localhost.localdomain - - "GET /3.0/system HTTP/1.1" 200 272
Apr 30 07:40:18 2013 (6206) localhost.localdomain - - "GET /3.0/lists HTTP/1.1" 200 90
Apr 30 07:47:16 2013 (6206) localhost.localdomain - - "GET /3.0/system HTTP/1.1" 200 272
Apr 30 07:48:28 2013 (6206) localhost.localdomain - - "GET /3.0/lists HTTP/1.1" 200 90
Apr 30 07:48:32 2013 (6206) localhost.localdomain - - "GET /3.0/domains HTTP/1.1" 200 90
Apr 30 07:49:17 2013 (6206) localhost.localdomain - - "POST /3.0/domains HTTP/1.1" 201 0
Apr 30 07:49:24 2013 (6206) localhost.localdomain - - "GET /3.0/domains/arege.com HTTP/1.1" 200 268
Apr 30 07:51:59 2013 (6206) localhost.localdomain - - "GET /3.0/lists HTTP/1.1" 200 90
Apr 30 07:52:01 2013 (6206) localhost.localdomain - - "GET /3.0/system HTTP/1.1" 200 272
Apr 30 07:52:46 2013 (6206) localhost.localdomain - - "GET /3.0/system HTTP/1.1" 200 272
Apr 30 07:53:08 2013 (6206) localhost.localdomain - - "GET /3.0/lists HTTP/1.1" 200 90
Apr 30 07:53:10 2013 (6206) localhost.localdomain - - "GET /3.0/lists HTTP/1.1" 200 90
Apr 30 07:53:11 2013 (6206) localhost.localdomain - - "GET /3.0/lists HTTP/1.1" 200 90
Apr 30 07:53:13 2013 (6206) localhost.localdomain - - "GET /3.0/lists HTTP/1.1" 200 90
Apr 30 07:53:16 2013 (6206) localhost.localdomain - - "GET /3.0/lists HTTP/1.1" 200 90
Apr 30 07:53:21 2013 (6206) localhost.localdomain - - "GET /3.0/lists HTTP/1.1" 200 90
Apr 30 07:54:09 2013 (6206) localhost.localdomain - - "GET /3.0/lists HTTP/1.1" 200 90
Apr 30 07:54:10 2013 (6206) localhost.localdomain - - "GET /3.0/lists HTTP/1.1" 200 90
Apr 30 07:54:14 2013 (6206) localhost.localdomain - - "GET /3.0/system HTTP/1.1" 200 272
Apr 30 07:59:29 2013 (6206) localhost.localdomain - - "GET /3.0/domains HTTP/1.1" 200 373
Apr 30 08:00:20 2013 (6206) localhost.localdomain - - "GET /3.0/domains HTTP/1.1" 200 373
Apr 30 08:00:20 2013 (6206) localhost.localdomain - - "GET /3.0/domains/arege.com HTTP/1.1" 200 268
Apr 30 08:03:00 2013 (6206) localhost.localdomain - - "GET /3.0/domains/aregee.com HTTP/1.1" 404 13
Apr 30 08:04:09 2013 (6206) localhost.localdomain - - "GET /3.0/domains/aregee.com HTTP/1.1" 404 13
Apr 30 08:04:24 2013 (6206) localhost.localdomain - - "GET /3.0/domains/arege.com HTTP/1.1" 200 268
Apr 30 08:04:26 2013 (6206) localhost.localdomain - - "GET /3.0/domains/arege.com HTTP/1.1" 200 268
Apr 30 08:04:51 2013 (6206) localhost.localdomain - - "GET /3.0/domains/arege.com HTTP/1.1" 200 268
Apr 30 08:04:51 2013 (6206) localhost.localdomain - - "GET /3.0/domains/arege.com HTTP/1.1" 200 268
Apr 30 08:06:53 2013 (6206) localhost.localdomain - - "GET /3.0/domains HTTP/1.1" 200 373
Apr 30 08:06:53 2013 (6206) localhost.localdomain - - "GET /3.0/domains/arege.com HTTP/1.1" 200 268
Apr 30 08:07:51 2013 (6206) localhost.localdomain - - "GET /3.0/domains HTTP/1.1" 200 373
Apr 30 08:07:51 2013 (6206) localhost.localdomain - - "GET /3.0/domains/arege.com HTTP/1.1" 200 268
Apr 30 08:08:01 2013 (6206) localhost.localdomain - - "GET /3.0/domains HTTP/1.1" 200 373
Apr 30 08:08:01 2013 (6206) localhost.localdomain - - "GET /3.0/domains/arege.com HTTP/1.1" 200 268
Apr 30 08:08:49 2013 (6206) localhost.localdomain - - "GET /3.0/domains HTTP/1.1" 200 373
Apr 30 08:08:49 2013 (6206) localhost.localdomain - - "GET /3.0/domains HTTP/1.1" 200 373
Apr 30 08:08:49 2013 (6206) localhost.localdomain - - "GET /3.0/domains/arege.com HTTP/1.1" 200 268
Apr 30 08:09:09 2013 (6206) localhost.localdomain - - "GET /3.0/domains HTTP/1.1" 200 373
Apr 30 08:09:09 2013 (6206) localhost.localdomain - - "GET /3.0/domains/arege.com HTTP/1.1" 200 268
Apr 30 08:11:32 2013 (6206) localhost.localdomain - - "GET /3.0/domains HTTP/1.1" 200 373
Apr 30 08:11:32 2013 (6206) localhost.localdomain - - "GET /3.0/domains/arege.com HTTP/1.1" 200 268
Apr 30 08:11:39 2013 (6206) localhost.localdomain - - "GET /3.0/domains HTTP/1.1" 200 373
Apr 30 08:11:39 2013 (6206) localhost.localdomain - - "GET /3.0/domains/arege.com HTTP/1.1" 200 268
Apr 30 08:11:54 2013 (6206) localhost.localdomain - - "GET /3.0/domains HTTP/1.1" 200 373
Apr 30 08:11:54 2013 (6206) localhost.localdomain - - "GET /3.0/domains/arege.com HTTP/1.1" 200 268
Apr 30 08:11:59 2013 (6206) localhost.localdomain - - "GET /3.0/domains HTTP/1.1" 200 373
Apr 30 08:11:59 2013 (6206) localhost.localdomain - - "GET /3.0/domains/arege.com HTTP/1.1" 200 268
Apr 30 08:12:14 2013 (6206) localhost.localdomain - - "GET /3.0/domains HTTP/1.1" 200 373
Apr 30 08:12:14 2013 (6206) localhost.localdomain - - "GET /3.0/domains/arege.com HTTP/1.1" 200 268
Apr 30 08:28:10 2013 (6206) localhost.localdomain - - "GET /3.0/domains HTTP/1.1" 200 373
Apr 30 08:28:10 2013 (6206) localhost.localdomain - - "GET /3.0/domains/arege.com HTTP/1.1" 200 268
Apr 30 08:28:38 2013 (6206) localhost.localdomain - - "GET /3.0/domains HTTP/1.1" 200 373
Apr 30 08:28:38 2013 (6206) localhost.localdomain - - "GET /3.0/domains/arege.com HTTP/1.1" 200 268
Apr 30 08:29:37 2013 (6206) localhost.localdomain - - "GET /3.0/domains HTTP/1.1" 200 373
Apr 30 08:29:37 2013 (6206) localhost.localdomain - - "GET /3.0/domains HTTP/1.1" 200 373
Apr 30 08:30:09 2013 (6206) localhost.localdomain - - "GET /3.0/domains HTTP/1.1" 200 373
Apr 30 08:30:34 2013 (6206) localhost.localdomain - - "GET /3.0/domains HTTP/1.1" 200 373
Apr 30 08:30:34 2013 (6206) localhost.localdomain - - "GET /3.0/domains HTTP/1.1" 200 373
Apr 30 08:30:34 2013 (6206) localhost.localdomain - - "GET /3.0/domains/arege.com HTTP/1.1" 200 268
Apr 30 08:35:21 2013 (6206) localhost.localdomain - - "GET /3.0/domains HTTP/1.1" 200 373
Apr 30 08:35:21 2013 (6206) localhost.localdomain - - "GET /3.0/domains HTTP/1.1" 200 373
Apr 30 08:35:21 2013 (6206) localhost.localdomain - - "GET /3.0/domains/arege.com HTTP/1.1" 200 268
Apr 30 08:35:24 2013 (6206) localhost.localdomain - - "GET /3.0/domains HTTP/1.1" 200 373
Apr 30 08:35:24 2013 (6206) localhost.localdomain - - "GET /3.0/domains HTTP/1.1" 200 373
Apr 30 08:35:24 2013 (6206) localhost.localdomain - - "GET /3.0/domains/arege.com HTTP/1.1" 200 268
Apr 30 08:35:41 2013 (6206) localhost.localdomain - - "GET /3.0/domains HTTP/1.1" 200 373
Apr 30 08:35:41 2013 (6206) localhost.localdomain - - "GET /3.0/domains HTTP/1.1" 200 373
Apr 30 08:35:41 2013 (6206) localhost.localdomain - - "GET /3.0/domains/arege.com HTTP/1.1" 200 268
Apr 30 08:37:05 2013 (6206) localhost.localdomain - - "POST /3.0/domains HTTP/1.1" 201 0
Apr 30 08:37:05 2013 (6206) localhost.localdomain - - "GET /3.0/domains/rahulgaur.info HTTP/1.1" 200 293
Apr 30 08:37:10 2013 (6206) localhost.localdomain - - "GET /3.0/domains HTTP/1.1" 200 668
Apr 30 08:37:10 2013 (6206) localhost.localdomain - - "GET /3.0/domains/arege.com HTTP/1.1" 200 268
Apr 30 08:37:10 2013 (6206) localhost.localdomain - - "GET /3.0/domains/rahulgaur.info HTTP/1.1" 200 293
Apr 30 08:37:21 2013 (6206) localhost.localdomain - - "POST /3.0/domains HTTP/1.1" 201 0
Apr 30 08:37:21 2013 (6206) localhost.localdomain - - "GET /3.0/domains/anshulagaur.info HTTP/1.1" 200 303
Apr 30 08:37:42 2013 (6206) localhost.localdomain - - "POST /3.0/domains HTTP/1.1" 201 0
Apr 30 08:37:42 2013 (6206) localhost.localdomain - - "GET /3.0/domains/awesome.rok HTTP/1.1" 200 278
Apr 30 08:37:49 2013 (6206) localhost.localdomain - - "GET /3.0/domains HTTP/1.1" 200 1253
Apr 30 08:37:49 2013 (6206) localhost.localdomain - - "GET /3.0/domains HTTP/1.1" 200 1253
Apr 30 08:37:49 2013 (6206) localhost.localdomain - - "GET /3.0/domains/anshulagaur.info HTTP/1.1" 200 303
Apr 30 08:37:53 2013 (6206) localhost.localdomain - - "GET /3.0/domains HTTP/1.1" 200 1253
Apr 30 08:37:53 2013 (6206) localhost.localdomain - - "GET /3.0/domains HTTP/1.1" 200 1253
Apr 30 08:37:53 2013 (6206) localhost.localdomain - - "GET /3.0/domains/anshulagaur.info HTTP/1.1" 200 303
Apr 30 08:38:34 2013 (6206) localhost.localdomain - - "GET /3.0/domains HTTP/1.1" 200 1253
Apr 30 08:38:34 2013 (6206) localhost.localdomain - - "GET /3.0/domains HTTP/1.1" 200 1253
Apr 30 08:38:34 2013 (6206) localhost.localdomain - - "GET /3.0/domains/anshulagaur.info HTTP/1.1" 200 303
Apr 30 08:38:34 2013 (6206) localhost.localdomain - - "GET /3.0/domains HTTP/1.1" 200 1253
Apr 30 08:38:34 2013 (6206) localhost.localdomain - - "GET /3.0/domains/arege.com HTTP/1.1" 200 268
Apr 30 08:38:34 2013 (6206) localhost.localdomain - - "GET /3.0/domains HTTP/1.1" 200 1253
Apr 30 08:38:34 2013 (6206) localhost.localdomain - - "GET /3.0/domains/awesome.rok HTTP/1.1" 200 278
Apr 30 08:38:34 2013 (6206) localhost.localdomain - - "GET /3.0/domains HTTP/1.1" 200 1253
Apr 30 08:38:34 2013 (6206) localhost.localdomain - - "GET /3.0/domains/rahulgaur.info HTTP/1.1" 200 293
Apr 30 08:38:42 2013 (6206) localhost.localdomain - - "GET /3.0/domains HTTP/1.1" 200 1253
Apr 30 08:38:42 2013 (6206) localhost.localdomain - - "GET /3.0/domains HTTP/1.1" 200 1253
Apr 30 08:38:42 2013 (6206) localhost.localdomain - - "GET /3.0/domains/anshulagaur.info HTTP/1.1" 200 303
Apr 30 08:38:42 2013 (6206) localhost.localdomain - - "GET /3.0/domains HTTP/1.1" 200 1253
Apr 30 08:38:42 2013 (6206) localhost.localdomain - - "GET /3.0/domains/arege.com HTTP/1.1" 200 268
Apr 30 08:38:42 2013 (6206) localhost.localdomain - - "GET /3.0/domains HTTP/1.1" 200 1253
Apr 30 08:38:42 2013 (6206) localhost.localdomain - - "GET /3.0/domains/awesome.rok HTTP/1.1" 200 278
Apr 30 08:38:42 2013 (6206) localhost.localdomain - - "GET /3.0/domains HTTP/1.1" 200 1253
Apr 30 08:38:42 2013 (6206) localhost.localdomain - - "GET /3.0/domains/rahulgaur.info HTTP/1.1" 200 293
Apr 30 08:38:46 2013 (6206) localhost.localdomain - - "GET /3.0/domains HTTP/1.1" 200 1253
Apr 30 08:38:46 2013 (6206) localhost.localdomain - - "GET /3.0/domains HTTP/1.1" 200 1253
Apr 30 08:38:46 2013 (6206) localhost.localdomain - - "GET /3.0/domains/anshulagaur.info HTTP/1.1" 200 303
Apr 30 08:38:46 2013 (6206) localhost.localdomain - - "GET /3.0/domains HTTP/1.1" 200 1253
Apr 30 08:38:46 2013 (6206) localhost.localdomain - - "GET /3.0/domains/arege.com HTTP/1.1" 200 268
Apr 30 08:38:46 2013 (6206) localhost.localdomain - - "GET /3.0/domains HTTP/1.1" 200 1253
Apr 30 08:38:46 2013 (6206) localhost.localdomain - - "GET /3.0/domains/awesome.rok HTTP/1.1" 200 278
Apr 30 08:38:46 2013 (6206) localhost.localdomain - - "GET /3.0/domains HTTP/1.1" 200 1253
Apr 30 08:38:46 2013 (6206) localhost.localdomain - - "GET /3.0/domains/rahulgaur.info HTTP/1.1" 200 293
Apr 30 08:38:50 2013 (6206) localhost.localdomain - - "GET /3.0/domains HTTP/1.1" 200 1253
Apr 30 08:38:50 2013 (6206) localhost.localdomain - - "GET /3.0/domains HTTP/1.1" 200 1253
Apr 30 08:38:50 2013 (6206) localhost.localdomain - - "GET /3.0/domains/anshulagaur.info HTTP/1.1" 200 303
Apr 30 08:38:50 2013 (6206) localhost.localdomain - - "GET /3.0/domains HTTP/1.1" 200 1253
Apr 30 08:38:50 2013 (6206) localhost.localdomain - - "GET /3.0/domains/arege.com HTTP/1.1" 200 268
Apr 30 08:38:50 2013 (6206) localhost.localdomain - - "GET /3.0/domains HTTP/1.1" 200 1253
Apr 30 08:38:50 2013 (6206) localhost.localdomain - - "GET /3.0/domains/awesome.rok HTTP/1.1" 200 278
Apr 30 08:38:50 2013 (6206) localhost.localdomain - - "GET /3.0/domains HTTP/1.1" 200 1253
Apr 30 08:38:50 2013 (6206) localhost.localdomain - - "GET /3.0/domains/rahulgaur.info HTTP/1.1" 200 293
Apr 30 08:38:57 2013 (6206) localhost.localdomain - - "GET /3.0/domains HTTP/1.1" 200 1253
Apr 30 08:38:57 2013 (6206) localhost.localdomain - - "GET /3.0/domains HTTP/1.1" 200 1253
Apr 30 08:38:57 2013 (6206) localhost.localdomain - - "GET /3.0/domains/anshulagaur.info HTTP/1.1" 200 303
Apr 30 08:38:57 2013 (6206) localhost.localdomain - - "GET /3.0/domains HTTP/1.1" 200 1253
Apr 30 08:38:57 2013 (6206) localhost.localdomain - - "GET /3.0/domains/arege.com HTTP/1.1" 200 268
Apr 30 08:38:57 2013 (6206) localhost.localdomain - - "GET /3.0/domains HTTP/1.1" 200 1253
Apr 30 08:38:57 2013 (6206) localhost.localdomain - - "GET /3.0/domains/awesome.rok HTTP/1.1" 200 278
Apr 30 08:38:57 2013 (6206) localhost.localdomain - - "GET /3.0/domains HTTP/1.1" 200 1253
Apr 30 08:38:57 2013 (6206) localhost.localdomain - - "GET /3.0/domains/rahulgaur.info HTTP/1.1" 200 293
Apr 30 08:39:54 2013 (6206) localhost.localdomain - - "GET /3.0/domains HTTP/1.1" 200 1253
Apr 30 08:39:54 2013 (6206) localhost.localdomain - - "GET /3.0/domains/anshulagaur.info HTTP/1.1" 200 303
Apr 30 08:39:54 2013 (6206) localhost.localdomain - - "GET /3.0/domains/arege.com HTTP/1.1" 200 268
Apr 30 08:39:54 2013 (6206) localhost.localdomain - - "GET /3.0/domains/awesome.rok HTTP/1.1" 200 278
Apr 30 08:39:54 2013 (6206) localhost.localdomain - - "GET /3.0/domains/rahulgaur.info HTTP/1.1" 200 293
Apr 30 08:40:17 2013 (6206) localhost.localdomain - - "GET /3.0/domains HTTP/1.1" 200 1253
Apr 30 08:40:23 2013 (6206) localhost.localdomain - - "GET /3.0/domains HTTP/1.1" 200 1253
Apr 30 08:40:23 2013 (6206) localhost.localdomain - - "GET /3.0/domains/anshulagaur.info HTTP/1.1" 200 303
Apr 30 08:40:23 2013 (6206) localhost.localdomain - - "GET /3.0/domains/arege.com HTTP/1.1" 200 268
Apr 30 08:40:23 2013 (6206) localhost.localdomain - - "GET /3.0/domains/awesome.rok HTTP/1.1" 200 278
Apr 30 08:40:23 2013 (6206) localhost.localdomain - - "GET /3.0/domains/rahulgaur.info HTTP/1.1" 200 293
Apr 30 08:41:25 2013 (6206) localhost.localdomain - - "GET /3.0/domains HTTP/1.1" 200 1253
Apr 30 08:45:00 2013 (6206) localhost.localdomain - - "GET /3.0/domains HTTP/1.1" 200 1253
Apr 30 08:45:02 2013 (6206) localhost.localdomain - - "GET /3.0/domains/anshulagaur.info HTTP/1.1" 200 303
Apr 30 08:45:02 2013 (6206) localhost.localdomain - - "GET /3.0/domains/arege.com HTTP/1.1" 200 268
Apr 30 08:45:02 2013 (6206) localhost.localdomain - - "GET /3.0/domains/awesome.rok HTTP/1.1" 200 278
Apr 30 08:45:02 2013 (6206) localhost.localdomain - - "GET /3.0/domains/rahulgaur.info HTTP/1.1" 200 293
Apr 30 08:45:19 2013 (6206) localhost.localdomain - - "GET /3.0/domains HTTP/1.1" 200 1253
Apr 30 08:45:19 2013 (6206) localhost.localdomain - - "GET /3.0/domains/anshulagaur.info HTTP/1.1" 200 303
Apr 30 08:45:19 2013 (6206) localhost.localdomain - - "GET /3.0/domains/arege.com HTTP/1.1" 200 268
Apr 30 08:45:19 2013 (6206) localhost.localdomain - - "GET /3.0/domains/awesome.rok HTTP/1.1" 200 278
Apr 30 08:45:19 2013 (6206) localhost.localdomain - - "GET /3.0/domains/rahulgaur.info HTTP/1.1" 200 293
Apr 30 08:47:07 2013 (6206) localhost.localdomain - - "GET /3.0/domains HTTP/1.1" 200 1253
Apr 30 08:47:07 2013 (6206) localhost.localdomain - - "GET /3.0/domains/anshulagaur.info HTTP/1.1" 200 303
Apr 30 08:47:07 2013 (6206) localhost.localdomain - - "GET /3.0/domains/arege.com HTTP/1.1" 200 268
Apr 30 08:47:07 2013 (6206) localhost.localdomain - - "GET /3.0/domains/awesome.rok HTTP/1.1" 200 278
Apr 30 08:47:07 2013 (6206) localhost.localdomain - - "GET /3.0/domains/rahulgaur.info HTTP/1.1" 200 293
Apr 30 08:48:05 2013 (6206) localhost.localdomain - - "GET /3.0/domains HTTP/1.1" 200 1253
Apr 30 08:48:05 2013 (6206) localhost.localdomain - - "GET /3.0/domains/anshulagaur.info HTTP/1.1" 200 303
Apr 30 08:48:05 2013 (6206) localhost.localdomain - - "GET /3.0/domains/arege.com HTTP/1.1" 200 268
Apr 30 08:48:05 2013 (6206) localhost.localdomain - - "GET /3.0/domains/awesome.rok HTTP/1.1" 200 278
Apr 30 08:48:05 2013 (6206) localhost.localdomain - - "GET /3.0/domains/rahulgaur.info HTTP/1.1" 200 293
Apr 30 08:48:24 2013 (6206) localhost.localdomain - - "GET /3.0/domains HTTP/1.1" 200 1253
Apr 30 08:48:24 2013 (6206) localhost.localdomain - - "GET /3.0/domains/anshulagaur.info HTTP/1.1" 200 303
Apr 30 08:48:24 2013 (6206) localhost.localdomain - - "GET /3.0/domains/arege.com HTTP/1.1" 200 268
Apr 30 08:48:25 2013 (6206) localhost.localdomain - - "GET /3.0/domains/awesome.rok HTTP/1.1" 200 278
Apr 30 08:48:25 2013 (6206) localhost.localdomain - - "GET /3.0/domains/rahulgaur.info HTTP/1.1" 200 293
Apr 30 08:50:09 2013 (6206) localhost.localdomain - - "GET /3.0/domains HTTP/1.1" 200 1253
Apr 30 08:50:09 2013 (6206) localhost.localdomain - - "GET /3.0/domains/anshulagaur.info HTTP/1.1" 200 303
Apr 30 08:50:09 2013 (6206) localhost.localdomain - - "GET /3.0/domains/arege.com HTTP/1.1" 200 268
Apr 30 08:50:09 2013 (6206) localhost.localdomain - - "GET /3.0/domains/awesome.rok HTTP/1.1" 200 278
Apr 30 08:50:09 2013 (6206) localhost.localdomain - - "GET /3.0/domains/rahulgaur.info HTTP/1.1" 200 293
Apr 30 08:52:27 2013 (6206) localhost.localdomain - - "GET /3.0/domains HTTP/1.1" 200 1253
Apr 30 08:52:27 2013 (6206) localhost.localdomain - - "GET /3.0/domains/anshulagaur.info HTTP/1.1" 200 303
Apr 30 08:52:27 2013 (6206) localhost.localdomain - - "GET /3.0/domains/arege.com HTTP/1.1" 200 268
Apr 30 08:52:27 2013 (6206) localhost.localdomain - - "GET /3.0/domains/awesome.rok HTTP/1.1" 200 278
Apr 30 08:52:27 2013 (6206) localhost.localdomain - - "GET /3.0/domains/rahulgaur.info HTTP/1.1" 200 293
Apr 30 08:52:55 2013 (6206) localhost.localdomain - - "GET /3.0/domains/arege.com HTTP/1.1" 200 268
Apr 30 08:53:15 2013 (6206) localhost.localdomain - - "GET /3.0/domains/arege.com HTTP/1.1" 200 268
Apr 30 08:53:16 2013 (6206) command failure: /usr/sbin/postmap /home/aregee/workspace/mm_fork/postorius_standalone/var/data/postfix_lmtp, 127, Key has expired
Apr 30 08:53:16 2013 (6206) command failure: /usr/sbin/postmap /home/aregee/workspace/mm_fork/postorius_standalone/var/data/postfix_domains, 127, Key has expired
Apr 30 08:53:16 2013 (6206) localhost.localdomain - - "POST /3.0/lists HTTP/1.1" 500 59
Apr 30 08:54:05 2013 (6206) localhost.localdomain - - "GET /3.0/users HTTP/1.1" 200 90
Apr 30 09:06:30 2013 (6206) localhost.localdomain - - "GET /3.0/domains HTTP/1.1" 200 1253
Apr 30 09:06:30 2013 (6206) localhost.localdomain - - "GET /3.0/domains/anshulagaur.info HTTP/1.1" 200 303
Apr 30 09:06:30 2013 (6206) localhost.localdomain - - "GET /3.0/domains/arege.com HTTP/1.1" 200 268
Apr 30 09:06:30 2013 (6206) localhost.localdomain - - "GET /3.0/domains/awesome.rok HTTP/1.1" 200 278
Apr 30 09:06:30 2013 (6206) localhost.localdomain - - "GET /3.0/domains/rahulgaur.info HTTP/1.1" 200 293
